-------------------------------------------------------------------------------
Test set: com.rajesh.commversionclient.DepartmentServiceApplicationTests
-------------------------------------------------------------------------------
Tests run: 1, Failures: 0, Errors: 1, Skipped: 0, Time elapsed: 0.636 s <<< FAILURE! - in com.rajesh.commversionclient.DepartmentServiceApplicationTests
com.rajesh.commversionclient.DepartmentServiceApplicationTests  Time elapsed: 0.634 s  <<< ERROR!
java.lang.IllegalStateException: Unable to find a @SpringBootConfiguration, you need to use @ContextConfiguration or @SpringBootTest(classes=...) with your test

